Warning: Error loading .env file: open .env: no such file or directory
[FEED-API-LOG] [2025-01-01 19:00:52] Warning: Invalid REDIS_DB value, using default: 0 ERROR: <nil>
[FEED-API-LOG] [2025-01-01 19:00:52] Successfully initialized Redis: localhost:6379 ERROR: <nil>
[FEED-API-LOG] [2025-01-01 19:00:52] Warning: Invalid REDIS_DB value, using default: 0 ERROR: <nil>
[FEED-API-LOG] [2025-01-01 19:00:52] Successfully initialized Redis: localhost:6379 ERROR: <nil>
[FEED-API-LOG] [2025-01-01 19:00:52] Warning: Invalid REDIS_DB value, using default: 0 ERROR: <nil>
[FEED-API-LOG] [2025-01-01 19:00:52] Successfully initialized Redis: localhost:6379 ERROR: <nil>
[FEED-API-LOG] [2025-01-01 19:00:52] MinIO Init Started ... ERROR: <nil>
[FEED-API-LOG] [2025-01-01 19:00:52] Failed to initialize MinIO client ERROR: Endpoint:  does not follow ip address or domain name standards.
[FEED-API-LOG] [2025-01-01 19:02:49] Successfully initialized Redis: localhost:6379 ERROR: <nil>
[FEED-API-LOG] [2025-01-01 19:02:49] Successfully initialized Redis: localhost:6379 ERROR: <nil>
[FEED-API-LOG] [2025-01-01 19:02:49] Warning: Invalid REDIS_DB value, using default: 0 ERROR: <nil>
[FEED-API-LOG] [2025-01-01 19:02:51] Failed to connect to Redis - Address: localhost-logs:6379, redisDB:  ERROR: dial tcp: lookup localhost-logs: no such host
[FEED-API-LOG] [2025-01-01 19:02:51] Log Redis Server Setup Failed ERROR: dial tcp: lookup localhost-logs: no such host
[FEED-API-LOG] [2025-01-01 19:02:51] MinIO Init Started ... ERROR: <nil>
[FEED-API-LOG] [2025-01-01 19:02:51] Bucket was not found, creating... feed-api-app-logs ERROR: <nil>
[FEED-API-LOG] [2025-01-01 19:02:51] Started the Goroutine for Firebase Sync ERROR: <nil>
[FEED-API-LOG] [2025-01-01 19:03:51] Syncing Procedure: Log Redis to Firebase ERROR: <nil>
[FEED-API-LOG] [2025-01-01 19:05:55] Successfully initialized Redis: localhost:6379 ERROR: <nil>
[FEED-API-LOG] [2025-01-01 19:05:55] Successfully initialized Redis: localhost:6379 ERROR: <nil>
[FEED-API-LOG] [2025-01-01 19:05:55] Warning: Invalid REDIS_DB value, using default: 0 ERROR: <nil>
[FEED-API-LOG] [2025-01-01 19:05:55] Failed to connect to Redis - Address: localhost-logs:6379, redisDB:  ERROR: dial tcp: lookup localhost-logs: no such host
[FEED-API-LOG] [2025-01-01 19:05:55] Log Redis Server Setup Failed ERROR: dial tcp: lookup localhost-logs: no such host
[FEED-API-LOG] [2025-01-01 19:05:55] MinIO Init Started ... ERROR: <nil>
[FEED-API-LOG] [2025-01-01 19:05:56] Started the Goroutine for Firebase Sync ERROR: <nil>
[FEED-API-LOG] [2025-01-01 19:06:24] Successfully initialized Redis: localhost:6379 ERROR: <nil>
[FEED-API-LOG] [2025-01-01 19:06:24] Successfully initialized Redis: localhost:6379 ERROR: <nil>
[FEED-API-LOG] [2025-01-01 19:06:24] Warning: Invalid REDIS_DB value, using default: 0 ERROR: <nil>
[FEED-API-LOG] [2025-01-01 19:06:24] Successfully initialized Redis: localhost:6379 ERROR: <nil>
[FEED-API-LOG] [2025-01-01 19:06:24] MinIO Init Started ... ERROR: <nil>
[FEED-API-LOG] [2025-01-01 19:06:24] Started the Goroutine for Firebase Sync ERROR: <nil>
[FEED-API-LOG] [2025-01-01 19:06:28] Intrusion IP detected: ::1 ERROR: <nil>
[FEED-API-LOG] [2025-01-01 19:06:28] isBlocked() checking for blocked IPs ERROR: <nil>
[FEED-API-LOG] [2025-01-01 19:06:30] IP: ::1 wasn't blocked ERROR: <nil>
[FEED-API-LOG] [2025-01-01 19:06:30] Storing Blocked IP to Firebase: ::1 ERROR: <nil>
[FEED-API-LOG] [2025-01-01 19:06:30] Blocked IP: ::1
 ERROR: <nil>
[FEED-API-LOG] [2025-01-01 19:06:54] Intrusion IP detected: ::1 ERROR: <nil>
[FEED-API-LOG] [2025-01-01 19:06:54] isBlocked() checking for blocked IPs ERROR: <nil>
[FEED-API-LOG] [2025-01-01 19:08:41] Successfully initialized Redis: localhost:6379 ERROR: <nil>
[FEED-API-LOG] [2025-01-01 19:08:41] Successfully initialized Redis: localhost:6379 ERROR: <nil>
[FEED-API-LOG] [2025-01-01 19:08:41] Warning: Invalid REDIS_DB value, using default: 0 ERROR: <nil>
[FEED-API-LOG] [2025-01-01 19:08:41] Successfully initialized Redis: localhost:6379 ERROR: <nil>
[FEED-API-LOG] [2025-01-01 19:08:41] MinIO Init Started ... ERROR: <nil>
[FEED-API-LOG] [2025-01-01 19:08:41] Started Log to MinIO Push Service ERROR: <nil>
[FEED-API-LOG] [2025-01-01 19:09:25] Successfully initialized Redis: localhost:6379 ERROR: <nil>
[FEED-API-LOG] [2025-01-01 19:09:25] Successfully initialized Redis: localhost:6379 ERROR: <nil>
[FEED-API-LOG] [2025-01-01 19:09:25] Warning: Invalid REDIS_DB value, using default: 0 ERROR: <nil>
[FEED-API-LOG] [2025-01-01 19:09:25] Successfully initialized Redis: localhost:6379 ERROR: <nil>
[FEED-API-LOG] [2025-01-01 19:09:25] MinIO Init Started ... ERROR: <nil>
[FEED-API-LOG] [2025-01-01 19:09:25] Started the Goroutine for Firebase Sync ERROR: <nil>
[FEED-API-LOG] [2025-01-01 19:09:25] Started Log to MinIO Push Service ERROR: <nil>
[FEED-API-LOG] [2025-01-01 19:09:36] Intrusion IP detected: ::1 ERROR: <nil>
[FEED-API-LOG] [2025-01-01 19:09:36] isBlocked() checking for blocked IPs ERROR: <nil>
[FEED-API-LOG] [2025-01-01 19:09:36] Blocked Cache Hit! ERROR: <nil>
[FEED-API-LOG] [2025-01-01 19:09:45] MinIO Push App Log Procedure started ERROR: <nil>
[FEED-API-LOG] [2025-01-01 19:09:45] Error pushing log file to MinIO ERROR: error opening file: open summarizer.log: no such file or directory
[FEED-API-LOG] [2025-01-01 19:09:45] Done Uploading Procedure for App Logs to MinIO ERROR: <nil>
[FEED-API-LOG] [2025-01-01 19:09:50] Intrusion IP detected: ::1 ERROR: <nil>
[FEED-API-LOG] [2025-01-01 19:09:50] isBlocked() checking for blocked IPs ERROR: <nil>
[FEED-API-LOG] [2025-01-01 19:09:50] Blocked Cache Hit! ERROR: <nil>
[FEED-API-LOG] [2025-01-01 19:09:55] Intrusion IP detected: ::1 ERROR: <nil>
[FEED-API-LOG] [2025-01-01 19:09:55] isBlocked() checking for blocked IPs ERROR: <nil>
[FEED-API-LOG] [2025-01-01 19:09:55] Blocked Cache Hit! ERROR: <nil>
[FEED-API-LOG] [2025-01-01 19:10:05] MinIO Push App Log Procedure started ERROR: <nil>
[FEED-API-LOG] [2025-01-01 19:10:05] Error pushing log file to MinIO ERROR: error opening file: open summarizer.log: no such file or directory
[FEED-API-LOG] [2025-01-01 19:10:05] Done Uploading Procedure for App Logs to MinIO ERROR: <nil>
[FEED-API-LOG] [2025-01-01 19:10:25] MinIO Push App Log Procedure started ERROR: <nil>
[FEED-API-LOG] [2025-01-01 19:10:25] Syncing Procedure: Log Redis to Firebase ERROR: <nil>
[FEED-API-LOG] [2025-01-01 19:10:25] Error pushing log file to MinIO ERROR: error opening file: open summarizer.log: no such file or directory
[FEED-API-LOG] [2025-01-01 19:10:25] Done Uploading Procedure for App Logs to MinIO ERROR: <nil>
[FEED-API-LOG] [2025-01-01 19:12:03] Successfully initialized Redis: localhost:6379 ERROR: <nil>
[FEED-API-LOG] [2025-01-01 19:12:03] Successfully initialized Redis: localhost:6379 ERROR: <nil>
[FEED-API-LOG] [2025-01-01 19:12:03] Warning: Invalid REDIS_DB value, using default: 0 ERROR: <nil>
[FEED-API-LOG] [2025-01-01 19:12:03] Successfully initialized Redis: localhost:6379 ERROR: <nil>
[FEED-API-LOG] [2025-01-01 19:12:03] MinIO Init Started ... ERROR: <nil>
[FEED-API-LOG] [2025-01-01 19:12:03] Started Log to MinIO Push Service ERROR: <nil>
[FEED-API-LOG] [2025-01-01 19:12:03] Started the Goroutine for Firebase Sync ERROR: <nil>
[FEED-API-LOG] [2025-01-01 19:12:11] Intrusion IP detected: ::1 ERROR: <nil>
[FEED-API-LOG] [2025-01-01 19:12:11] isBlocked() checking for blocked IPs ERROR: <nil>
[FEED-API-LOG] [2025-01-01 19:12:11] Blocked Cache Hit! ERROR: <nil>
[FEED-API-LOG] [2025-01-01 19:12:11] Intrusion IP detected: ::1 ERROR: <nil>
[FEED-API-LOG] [2025-01-01 19:12:11] isBlocked() checking for blocked IPs ERROR: <nil>
[FEED-API-LOG] [2025-01-01 19:12:11] Blocked Cache Hit! ERROR: <nil>
[FEED-API-LOG] [2025-01-01 19:12:12] Intrusion IP detected: ::1 ERROR: <nil>
[FEED-API-LOG] [2025-01-01 19:12:12] isBlocked() checking for blocked IPs ERROR: <nil>
[FEED-API-LOG] [2025-01-01 19:12:12] Blocked Cache Hit! ERROR: <nil>
[FEED-API-LOG] [2025-01-01 19:12:12] Intrusion IP detected: ::1 ERROR: <nil>
[FEED-API-LOG] [2025-01-01 19:12:12] isBlocked() checking for blocked IPs ERROR: <nil>
[FEED-API-LOG] [2025-01-01 19:12:12] Blocked Cache Hit! ERROR: <nil>
[FEED-API-LOG] [2025-01-01 19:12:13] Intrusion IP detected: ::1 ERROR: <nil>
[FEED-API-LOG] [2025-01-01 19:12:13] isBlocked() checking for blocked IPs ERROR: <nil>
[FEED-API-LOG] [2025-01-01 19:12:13] Blocked Cache Hit! ERROR: <nil>
[FEED-API-LOG] [2025-01-01 19:12:13] Intrusion IP detected: ::1 ERROR: <nil>
[FEED-API-LOG] [2025-01-01 19:12:13] isBlocked() checking for blocked IPs ERROR: <nil>
[FEED-API-LOG] [2025-01-01 19:12:13] Blocked Cache Hit! ERROR: <nil>
[FEED-API-LOG] [2025-01-01 19:12:14] Intrusion IP detected: ::1 ERROR: <nil>
[FEED-API-LOG] [2025-01-01 19:12:14] isBlocked() checking for blocked IPs ERROR: <nil>
[FEED-API-LOG] [2025-01-01 19:12:14] Blocked Cache Hit! ERROR: <nil>
[FEED-API-LOG] [2025-01-01 19:12:14] Intrusion IP detected: ::1 ERROR: <nil>
[FEED-API-LOG] [2025-01-01 19:12:14] isBlocked() checking for blocked IPs ERROR: <nil>
[FEED-API-LOG] [2025-01-01 19:12:14] Blocked Cache Hit! ERROR: <nil>
[FEED-API-LOG] [2025-01-01 19:12:15] Intrusion IP detected: ::1 ERROR: <nil>
[FEED-API-LOG] [2025-01-01 19:12:15] isBlocked() checking for blocked IPs ERROR: <nil>
[FEED-API-LOG] [2025-01-01 19:12:15] Blocked Cache Hit! ERROR: <nil>
[FEED-API-LOG] [2025-01-01 19:12:15] Intrusion IP detected: ::1 ERROR: <nil>
[FEED-API-LOG] [2025-01-01 19:12:15] isBlocked() checking for blocked IPs ERROR: <nil>
[FEED-API-LOG] [2025-01-01 19:12:15] Blocked Cache Hit! ERROR: <nil>
[FEED-API-LOG] [2025-01-01 19:12:16] Intrusion IP detected: ::1 ERROR: <nil>
[FEED-API-LOG] [2025-01-01 19:12:16] isBlocked() checking for blocked IPs ERROR: <nil>
[FEED-API-LOG] [2025-01-01 19:12:16] Blocked Cache Hit! ERROR: <nil>
[FEED-API-LOG] [2025-01-01 19:12:23] MinIO Push App Log Procedure started ERROR: <nil>
[FEED-API-LOG] [2025-01-01 19:12:23] Done Uploading Procedure for App Logs to MinIO ERROR: <nil>
[FEED-API-LOG] [2025-01-01 19:12:43] MinIO Push App Log Procedure started ERROR: <nil>
[FEED-API-LOG] [2025-01-01 19:12:43] Done Uploading Procedure for App Logs to MinIO ERROR: <nil>
[FEED-API-LOG] [2025-01-01 19:13:03] MinIO Push App Log Procedure started ERROR: <nil>
[FEED-API-LOG] [2025-01-01 19:13:03] Syncing Procedure: Log Redis to Firebase ERROR: <nil>
[FEED-API-LOG] [2025-01-01 19:13:03] Done Uploading Procedure for App Logs to MinIO ERROR: <nil>
[FEED-API-LOG] [2025-01-01 19:13:23] MinIO Push App Log Procedure started ERROR: <nil>
[FEED-API-LOG] [2025-01-01 19:13:23] Done Uploading Procedure for App Logs to MinIO ERROR: <nil>
[FEED-API-LOG] [2025-01-01 22:53:33] Successfully initialized Redis: localhost:6379 ERROR: <nil>
[FEED-API-LOG] [2025-01-01 22:53:33] Successfully initialized Redis: localhost:6379 ERROR: <nil>
[FEED-API-LOG] [2025-01-01 22:53:33] Warning: Invalid REDIS_DB value, using default: 0 ERROR: <nil>
[FEED-API-LOG] [2025-01-01 22:53:33] Successfully initialized Redis: localhost:6379 ERROR: <nil>
[FEED-API-LOG] [2025-01-01 22:53:33] MinIO Init Started ... ERROR: <nil>
[FEED-API-LOG] [2025-01-01 22:53:33] Started the Goroutine for Firebase Sync ERROR: <nil>
[FEED-API-LOG] [2025-01-01 22:53:33] Started Log to MinIO Push Service ERROR: <nil>
[FEED-API-LOG] [2025-01-01 22:53:50] Intrusion IP detected: ::1 ERROR: <nil>
[FEED-API-LOG] [2025-01-01 22:53:50] isBlocked() checking for blocked IPs ERROR: <nil>
[FEED-API-LOG] [2025-01-01 22:53:53] Intrusion IP detected: ::1 ERROR: <nil>
[FEED-API-LOG] [2025-01-01 22:53:53] isBlocked() checking for blocked IPs ERROR: <nil>
[FEED-API-LOG] [2025-01-01 22:53:53] Blocked Cache Hit! ERROR: <nil>
[FEED-API-LOG] [2025-01-01 22:53:53] MinIO Push App Log Procedure started ERROR: <nil>
[FEED-API-LOG] [2025-01-01 22:53:53] Done Uploading Procedure for App Logs to MinIO ERROR: <nil>
[FEED-API-LOG] [2025-01-01 22:54:09] Intrusion IP detected: ::1 ERROR: <nil>
[FEED-API-LOG] [2025-01-01 22:54:09] isBlocked() checking for blocked IPs ERROR: <nil>
[FEED-API-LOG] [2025-01-01 22:54:09] Blocked Cache Hit! ERROR: <nil>
[FEED-API-LOG] [2025-01-01 22:54:13] MinIO Push App Log Procedure started ERROR: <nil>
[FEED-API-LOG] [2025-01-01 22:54:13] Done Uploading Procedure for App Logs to MinIO ERROR: <nil>
Redis ping response: PONG
Redis ping response: PONG
[FEED-API-LOG] [2025-01-01 22:54:22] Redis ping response: PONG ERROR: <nil>
[FEED-API-LOG] [2025-01-01 22:54:22] Request to /api/v2/ping took 928.928833ms ERROR: <nil>
[FEED-API-LOG] [2025-01-01 22:54:33] MinIO Push App Log Procedure started ERROR: <nil>
[FEED-API-LOG] [2025-01-01 22:54:33] Syncing Procedure: Log Redis to Firebase ERROR: <nil>
[FEED-API-LOG] [2025-01-01 22:54:33] Done Uploading Procedure for App Logs to MinIO ERROR: <nil>
Redis ping response: PONG
[FEED-API-LOG] [2025-01-01 22:54:42] Request to /api/v2/headlines/1 took 697.791µs ERROR: <nil>
[FEED-API-LOG] [2025-01-01 22:54:53] MinIO Push App Log Procedure started ERROR: <nil>
[FEED-API-LOG] [2025-01-01 22:54:53] Done Uploading Procedure for App Logs to MinIO ERROR: <nil>
Redis ping response: PONG
[FEED-API-LOG] [2025-01-01 22:55:11] Request to /api/v2/headlines/1 took 567.542µs ERROR: <nil>
Redis ping response: PONG
[FEED-API-LOG] [2025-01-01 22:55:13] Request to /api/v2/headlines/1 took 448.791µs ERROR: <nil>
[FEED-API-LOG] [2025-01-01 22:55:13] MinIO Push App Log Procedure started ERROR: <nil>
[FEED-API-LOG] [2025-01-01 22:55:13] Done Uploading Procedure for App Logs to MinIO ERROR: <nil>
Redis ping response: PONG
[FEED-API-LOG] [2025-01-01 22:55:15] Request to /api/v2/headlines/1 took 485.166µs ERROR: <nil>
[FEED-API-LOG] [2025-01-01 22:55:33] MinIO Push App Log Procedure started ERROR: <nil>
[FEED-API-LOG] [2025-01-01 22:55:33] Syncing Procedure: Log Redis to Firebase ERROR: <nil>
[FEED-API-LOG] [2025-01-01 22:55:33] Done Uploading Procedure for App Logs to MinIO ERROR: <nil>
[FEED-API-LOG] [2025-01-01 23:17:44] Successfully initialized Redis: localhost:6379 ERROR: <nil>
[FEED-API-LOG] [2025-01-01 23:17:44] Successfully initialized Redis: localhost:6379 ERROR: <nil>
[FEED-API-LOG] [2025-01-01 23:17:44] Warning: Invalid REDIS_DB value, using default: 0 ERROR: <nil>
[FEED-API-LOG] [2025-01-01 23:17:44] Successfully initialized Redis: localhost:6379 ERROR: <nil>
[FEED-API-LOG] [2025-01-01 23:17:44] MinIO Init Started ... ERROR: <nil>
[FEED-API-LOG] [2025-01-01 23:17:44] Started Log to MinIO Push Service ERROR: <nil>
[FEED-API-LOG] [2025-01-01 23:17:44] Started the Goroutine for MinIO Sync ERROR: <nil>
Redis ping response: PONG
[FEED-API-LOG] [2025-01-01 23:17:54] Request to /api/v2/headlines/1 took 4.7995ms ERROR: <nil>
Redis ping response: PONG
[FEED-API-LOG] [2025-01-01 23:17:55] Request to /api/v2/headlines/1 took 554.75µs ERROR: <nil>
Redis ping response: PONG
[FEED-API-LOG] [2025-01-01 23:17:56] Request to /api/v2/headlines/1 took 382.375µs ERROR: <nil>
Redis ping response: PONG
[FEED-API-LOG] [2025-01-01 23:17:56] Request to /api/v2/headlines/1 took 1.538125ms ERROR: <nil>
Redis ping response: PONG
[FEED-API-LOG] [2025-01-01 23:17:57] Request to /api/v2/headlines/1 took 537.083µs ERROR: <nil>
[FEED-API-LOG] [2025-01-01 23:18:04] MinIO Push App Log Procedure started ERROR: <nil>
[FEED-API-LOG] [2025-01-01 23:18:04] Done Uploading Procedure for App Logs to MinIO ERROR: <nil>
Redis ping response: PONG
[FEED-API-LOG] [2025-01-01 23:18:09] Request to /api/v2/headlines/12 took 4.015375ms ERROR: <nil>
Redis ping response: PONG
[FEED-API-LOG] [2025-01-01 23:18:10] Request to /api/v2/headlines/12 took 461.75µs ERROR: <nil>
Redis ping response: PONG
[FEED-API-LOG] [2025-01-01 23:18:11] Request to /api/v2/headlines/12 took 582.041µs ERROR: <nil>
Redis ping response: PONG
[FEED-API-LOG] [2025-01-01 23:18:12] Request to /api/v2/headlines/12 took 370.459µs ERROR: <nil>
Redis ping response: PONG
[FEED-API-LOG] [2025-01-01 23:18:14] Request to /api/v2/headlines/12 took 3.875625ms ERROR: <nil>
[FEED-API-LOG] [2025-01-01 23:18:14] Syncing Procedure: Log Redis to MinIO ERROR: <nil>
[FEED-API-LOG] [2025-01-01 23:18:24] MinIO Push App Log Procedure started ERROR: <nil>
[FEED-API-LOG] [2025-01-01 23:18:24] Done Uploading Procedure for App Logs to MinIO ERROR: <nil>
[FEED-API-LOG] [2025-01-01 23:18:44] MinIO Push App Log Procedure started ERROR: <nil>
[FEED-API-LOG] [2025-01-01 23:18:44] Syncing Procedure: Log Redis to MinIO ERROR: <nil>
[FEED-API-LOG] [2025-01-01 23:18:44] Done Uploading Procedure for App Logs to MinIO ERROR: <nil>
[FEED-API-LOG] [2025-01-01 23:19:04] MinIO Push App Log Procedure started ERROR: <nil>
[FEED-API-LOG] [2025-01-01 23:19:04] Done Uploading Procedure for App Logs to MinIO ERROR: <nil>
[FEED-API-LOG] [2025-01-01 23:19:14] Syncing Procedure: Log Redis to MinIO ERROR: <nil>
[FEED-API-LOG] [2025-01-01 23:19:24] MinIO Push App Log Procedure started ERROR: <nil>
[FEED-API-LOG] [2025-01-01 23:19:24] Done Uploading Procedure for App Logs to MinIO ERROR: <nil>
[FEED-API-LOG] [2025-01-01 23:19:44] MinIO Push App Log Procedure started ERROR: <nil>
[FEED-API-LOG] [2025-01-01 23:19:44] Syncing Procedure: Log Redis to MinIO ERROR: <nil>
[FEED-API-LOG] [2025-01-01 23:19:44] Done Uploading Procedure for App Logs to MinIO ERROR: <nil>
[FEED-API-LOG] [2025-01-01 23:20:04] MinIO Push App Log Procedure started ERROR: <nil>
[FEED-API-LOG] [2025-01-01 23:20:04] Done Uploading Procedure for App Logs to MinIO ERROR: <nil>
[FEED-API-LOG] [2025-01-01 23:20:14] Syncing Procedure: Log Redis to MinIO ERROR: <nil>
[FEED-API-LOG] [2025-01-01 23:20:24] MinIO Push App Log Procedure started ERROR: <nil>
[FEED-API-LOG] [2025-01-01 23:20:25] Done Uploading Procedure for App Logs to MinIO ERROR: <nil>
[FEED-API-LOG] [2025-01-01 23:20:44] MinIO Push App Log Procedure started ERROR: <nil>
[FEED-API-LOG] [2025-01-01 23:20:44] Syncing Procedure: Log Redis to MinIO ERROR: <nil>
[FEED-API-LOG] [2025-01-01 23:20:44] Done Uploading Procedure for App Logs to MinIO ERROR: <nil>
[FEED-API-LOG] [2025-01-01 23:21:55] Successfully initialized Redis: localhost:6379 ERROR: <nil>
[FEED-API-LOG] [2025-01-01 23:21:55] Successfully initialized Redis: localhost:6379 ERROR: <nil>
[FEED-API-LOG] [2025-01-01 23:21:55] Warning: Invalid REDIS_DB value, using default: 0 ERROR: <nil>
[FEED-API-LOG] [2025-01-01 23:21:55] Successfully initialized Redis: localhost:6379 ERROR: <nil>
[FEED-API-LOG] [2025-01-01 23:21:55] MinIO Init Started ... ERROR: <nil>
[FEED-API-LOG] [2025-01-01 23:21:55] Started Log to MinIO Push Service ERROR: <nil>
[FEED-API-LOG] [2025-01-01 23:21:55] Started the Goroutine for MinIO Sync ERROR: <nil>
Redis ping response: PONG
[FEED-API-LOG] [2025-01-01 23:22:00] Request to /api/v2/headlines/12 took 4.211875ms ERROR: <nil>
Redis ping response: PONG
[FEED-API-LOG] [2025-01-01 23:22:01] Request to /api/v2/headlines/12 took 1.464166ms ERROR: <nil>
Redis ping response: PONG
[FEED-API-LOG] [2025-01-01 23:22:13] Request to /api/v2/headlines/12 took 2.927208ms ERROR: <nil>
Redis ping response: PONG
[FEED-API-LOG] [2025-01-01 23:22:14] Request to /api/v2/headlines/12 took 572.875µs ERROR: <nil>
[FEED-API-LOG] [2025-01-01 23:22:15] MinIO Push App Log Procedure started ERROR: <nil>
[FEED-API-LOG] [2025-01-01 23:22:15] Done Uploading Procedure for App Logs to MinIO ERROR: <nil>
Redis ping response: PONG
[FEED-API-LOG] [2025-01-01 23:22:17] Request to /api/v2/headlines/12 took 1.720209ms ERROR: <nil>
[FEED-API-LOG] [2025-01-01 23:22:25] Syncing Procedure: Log Redis to MinIO ERROR: <nil>
[FEED-API-LOG] [2025-01-01 23:22:35] MinIO Push App Log Procedure started ERROR: <nil>
[FEED-API-LOG] [2025-01-01 23:22:35] Done Uploading Procedure for App Logs to MinIO ERROR: <nil>
[FEED-API-LOG] [2025-01-01 23:22:55] Syncing Procedure: Log Redis to MinIO ERROR: <nil>
[FEED-API-LOG] [2025-01-01 23:22:55] MinIO Push App Log Procedure started ERROR: <nil>
[FEED-API-LOG] [2025-01-01 23:22:55] Done Uploading Procedure for App Logs to MinIO ERROR: <nil>
