[WIPER-LOG] [2024-11-07 19:07:05] Before context setting ERROR: <nil>
[WIPER-LOG] [2024-11-07 19:07:05] After context setting ERROR: <nil>
[WIPER-LOG] [2024-11-07 19:07:05] Successfully initialized Redis: localhost:5000 ERROR: <nil>
[WIPER-LOG] [2024-11-07 19:07:05] Successfully initialized Redis: localhost:6000 ERROR: <nil>
[WIPER-LOG] [2024-11-07 19:07:10] Validation Started ERROR: <nil>
Redis connection error: context canceled
[WIPER-LOG] [2024-11-07 19:07:10] Cache not hit, moving to firebase ERROR: <nil>
[WIPER-LOG] [2024-11-07 19:07:21] User Existence confirm ERROR: <nil>
[WIPER-LOG] [2024-11-07 19:07:21] Exists and Premium, caching ERROR: <nil>
Redis connection error: context canceled
[WIPER-LOG] [2024-11-07 19:07:21] Redis connection error ERROR: context canceled
[WIPER-LOG] [2024-11-07 19:07:21] Failed to cache user status: %v ERROR: context canceled
[WIPER-LOG] [2024-11-07 19:07:21] Cached ERROR: context canceled
[WIPER-LOG] [2024-11-07 19:07:21] Request to /api/v1/headlines took 10.981007893s ERROR: <nil>
[WIPER-LOG] [2024-11-07 19:07:32] Validation Started ERROR: <nil>
Redis connection error: context canceled
[WIPER-LOG] [2024-11-07 19:07:32] Cache not hit, moving to firebase ERROR: <nil>
[WIPER-LOG] [2024-11-07 19:07:33] User Existence confirm ERROR: <nil>
[WIPER-LOG] [2024-11-07 19:07:33] Exists and Premium, caching ERROR: <nil>
Redis connection error: context canceled
[WIPER-LOG] [2024-11-07 19:07:33] Redis connection error ERROR: context canceled
[WIPER-LOG] [2024-11-07 19:07:33] Failed to cache user status: %v ERROR: context canceled
[WIPER-LOG] [2024-11-07 19:07:33] Cached ERROR: context canceled
[WIPER-LOG] [2024-11-07 19:07:33] Request to /api/v1/headlines took 1.104959581s ERROR: <nil>
[WIPER-LOG] [2024-11-07 19:09:20] Before context setting ERROR: <nil>
[WIPER-LOG] [2024-11-07 19:09:20] After context setting ERROR: <nil>
[WIPER-LOG] [2024-11-07 19:09:20] Successfully initialized Redis: localhost:5000 ERROR: <nil>
[WIPER-LOG] [2024-11-07 19:09:20] Successfully initialized Redis: localhost:6000 ERROR: <nil>
[WIPER-LOG] [2024-11-07 19:09:23] Validation Started ERROR: <nil>
Redis ping response: PONG
[WIPER-LOG] [2024-11-07 19:09:23] Cache not hit, moving to firebase ERROR: <nil>
[WIPER-LOG] [2024-11-07 19:09:29] User Existence confirm ERROR: <nil>
[WIPER-LOG] [2024-11-07 19:09:29] Exists and Premium, caching ERROR: <nil>
Redis ping response: PONG
[WIPER-LOG] [2024-11-07 19:09:29] Redis ping response: PONG ERROR: <nil>
[WIPER-LOG] [2024-11-07 19:09:29] Cached ERROR: <nil>
[WIPER-LOG] [2024-11-07 19:09:29] Request to /api/v1/headlines took 6.014159861s ERROR: <nil>
[WIPER-LOG] [2024-11-07 19:09:36] Validation Started ERROR: <nil>
Redis ping response: PONG
[WIPER-LOG] [2024-11-07 19:09:36] Cache Hit! ERROR: <nil>
[WIPER-LOG] [2024-11-07 19:09:36] Request to /api/v1/headlines took 340.299µs ERROR: <nil>
[WIPER-LOG] [2024-11-07 19:09:39] Validation Started ERROR: <nil>
Redis ping response: PONG
[WIPER-LOG] [2024-11-07 19:09:39] Cache Hit! ERROR: <nil>
[WIPER-LOG] [2024-11-07 19:09:39] Request to /api/v1/headlines took 553.258µs ERROR: <nil>
[WIPER-LOG] [2024-11-07 19:09:40] Validation Started ERROR: <nil>
Redis ping response: PONG
[WIPER-LOG] [2024-11-07 19:09:40] Cache Hit! ERROR: <nil>
[WIPER-LOG] [2024-11-07 19:09:40] Request to /api/v1/headlines took 461.486µs ERROR: <nil>
[WIPER-LOG] [2024-11-07 19:11:24] Validation Started ERROR: <nil>
Redis ping response: PONG
[WIPER-LOG] [2024-11-07 19:11:24] Cache Hit! ERROR: <nil>
[WIPER-LOG] [2024-11-07 19:11:24] Request to /api/v1/headlines took 347.843µs ERROR: <nil>
[WIPER-LOG] [2024-11-07 19:11:29] Validation Started ERROR: <nil>
Redis ping response: PONG
[WIPER-LOG] [2024-11-07 19:11:29] Cache not hit, moving to firebase ERROR: <nil>
[WIPER-LOG] [2024-11-07 19:11:30] User not registered ERROR, caching it ERROR: <nil>
Redis ping response: PONG
[WIPER-LOG] [2024-11-07 19:11:30] Redis ping response: PONG ERROR: <nil>
[WIPER-LOG] [2024-11-07 19:11:30] User not registered ERROR, cached ERROR: <nil>
[WIPER-LOG] [2024-11-07 19:11:30] User doesn't exist ERROR: <nil>
[WIPER-LOG] [2024-11-07 19:11:30] User with no registeration tried to access ERROR: <nil>
[WIPER-LOG] [2024-11-07 19:11:31] Validation Started ERROR: <nil>
Redis ping response: PONG
[WIPER-LOG] [2024-11-07 19:11:31] Cache Hit! ERROR: <nil>
[WIPER-LOG] [2024-11-07 19:11:31] User doesn't exist ERROR: <nil>
[WIPER-LOG] [2024-11-07 19:11:31] User with no registeration tried to access ERROR: <nil>
[WIPER-LOG] [2024-11-07 19:11:32] Validation Started ERROR: <nil>
Redis ping response: PONG
[WIPER-LOG] [2024-11-07 19:11:32] Cache Hit! ERROR: <nil>
[WIPER-LOG] [2024-11-07 19:11:32] User doesn't exist ERROR: <nil>
[WIPER-LOG] [2024-11-07 19:11:32] User with no registeration tried to access ERROR: <nil>
[WIPER-LOG] [2024-11-07 19:11:35] Validation Started ERROR: <nil>
Redis ping response: PONG
[WIPER-LOG] [2024-11-07 19:11:35] Cache Hit! ERROR: <nil>
[WIPER-LOG] [2024-11-07 19:11:35] Request to /api/v1/headlines took 403.657µs ERROR: <nil>
[WIPER-LOG] [2024-11-07 19:11:36] Validation Started ERROR: <nil>
Redis ping response: PONG
[WIPER-LOG] [2024-11-07 19:11:36] Cache Hit! ERROR: <nil>
[WIPER-LOG] [2024-11-07 19:11:36] Request to /api/v1/headlines took 392.948µs ERROR: <nil>
[WIPER-LOG] [2024-11-07 19:12:54] Before context setting ERROR: <nil>
[WIPER-LOG] [2024-11-07 19:12:54] After context setting ERROR: <nil>
[WIPER-LOG] [2024-11-07 19:12:54] Successfully initialized Redis: localhost:5000 ERROR: <nil>
[WIPER-LOG] [2024-11-07 19:12:54] Successfully initialized Redis: localhost:6000 ERROR: <nil>
[WIPER-LOG] [2024-11-07 19:12:59] Validation Started ERROR: <nil>
Redis ping response: PONG
[WIPER-LOG] [2024-11-07 19:12:59] Cache Hit! ERROR: <nil>
[WIPER-LOG] [2024-11-07 19:12:59] Request to /api/v1/headlines took 362.821µs ERROR: <nil>
[WIPER-LOG] [2024-11-07 19:13:03] Validation Started ERROR: <nil>
Redis ping response: PONG
[WIPER-LOG] [2024-11-07 19:13:03] Cache Hit! ERROR: <nil>
[WIPER-LOG] [2024-11-07 19:13:03] Request to /api/v1/headlines took 335.229µs ERROR: <nil>
[WIPER-LOG] [2024-11-07 19:13:04] Validation Started ERROR: <nil>
Redis ping response: PONG
[WIPER-LOG] [2024-11-07 19:13:04] Cache Hit! ERROR: <nil>
[WIPER-LOG] [2024-11-07 19:13:04] Request to /api/v1/headlines took 486.873µs ERROR: <nil>
[WIPER-LOG] [2024-11-07 19:13:07] Validation Started ERROR: <nil>
Redis ping response: PONG
[WIPER-LOG] [2024-11-07 19:13:07] Cache Hit! ERROR: <nil>
[WIPER-LOG] [2024-11-07 19:13:07] User doesn't exist ERROR: <nil>
[WIPER-LOG] [2024-11-07 19:13:07] User with no registeration tried to access ERROR: <nil>
[WIPER-LOG] [2024-11-07 19:13:11] Validation Started ERROR: <nil>
Redis ping response: PONG
[WIPER-LOG] [2024-11-07 19:13:11] Cache not hit, moving to firebase ERROR: <nil>
[WIPER-LOG] [2024-11-07 19:13:12] User not registered ERROR, caching it ERROR: <nil>
Redis ping response: PONG
[WIPER-LOG] [2024-11-07 19:13:12] Redis ping response: PONG ERROR: <nil>
[WIPER-LOG] [2024-11-07 19:13:12] User not registered ERROR, cached ERROR: <nil>
[WIPER-LOG] [2024-11-07 19:13:12] User doesn't exist ERROR: <nil>
[WIPER-LOG] [2024-11-07 19:13:12] User with no registeration tried to access ERROR: <nil>
[WIPER-LOG] [2024-11-07 19:13:12] Validation Started ERROR: <nil>
Redis ping response: PONG
[WIPER-LOG] [2024-11-07 19:13:12] Cache Hit! ERROR: <nil>
[WIPER-LOG] [2024-11-07 19:13:12] User doesn't exist ERROR: <nil>
[WIPER-LOG] [2024-11-07 19:13:12] User with no registeration tried to access ERROR: <nil>
[WIPER-LOG] [2024-11-07 19:14:36] Validation Started ERROR: <nil>
Redis ping response: PONG
[WIPER-LOG] [2024-11-07 19:14:36] Cache Hit! ERROR: <nil>
[WIPER-LOG] [2024-11-07 19:14:36] User doesn't exist ERROR: <nil>
[WIPER-LOG] [2024-11-07 19:14:36] User with no registeration tried to access ERROR: <nil>
[WIPER-LOG] [2024-11-07 19:18:05] Before context setting ERROR: <nil>
[WIPER-LOG] [2024-11-07 19:18:05] After context setting ERROR: <nil>
[WIPER-LOG] [2024-11-07 19:18:05] Successfully initialized Redis: localhost:5000 ERROR: <nil>
[WIPER-LOG] [2024-11-07 19:18:05] Successfully initialized Redis: localhost:6000 ERROR: <nil>
Redis ping response: PONG
[WIPER-LOG] [2024-11-07 19:18:11] Cache Hit! ERROR: <nil>
[WIPER-LOG] [2024-11-07 19:18:11] Request to /api/v1/headlines took 535.225µs ERROR: <nil>
Redis ping response: PONG
Redis ping response: PONG
[WIPER-LOG] [2024-11-07 19:23:42] Redis ping response: PONG ERROR: <nil>
[WIPER-LOG] [2024-11-07 19:23:42] Request to /api/v1/headlines took 1.250318468s ERROR: <nil>
Redis ping response: PONG
[WIPER-LOG] [2024-11-07 19:23:44] Cache Hit! ERROR: <nil>
[WIPER-LOG] [2024-11-07 19:23:44] Request to /api/v1/headlines took 2.987586ms ERROR: <nil>
Redis ping response: PONG
[WIPER-LOG] [2024-11-07 19:23:45] Cache Hit! ERROR: <nil>
[WIPER-LOG] [2024-11-07 19:23:45] Request to /api/v1/headlines took 324.078µs ERROR: <nil>
Redis ping response: PONG
[WIPER-LOG] [2024-11-07 19:23:45] Cache Hit! ERROR: <nil>
[WIPER-LOG] [2024-11-07 19:23:45] Request to /api/v1/headlines took 327.465µs ERROR: <nil>
Redis ping response: PONG
[WIPER-LOG] [2024-11-07 19:23:45] Cache Hit! ERROR: <nil>
[WIPER-LOG] [2024-11-07 19:23:45] Request to /api/v1/headlines took 390.613µs ERROR: <nil>
Redis ping response: PONG
[WIPER-LOG] [2024-11-07 19:23:46] Cache Hit! ERROR: <nil>
[WIPER-LOG] [2024-11-07 19:23:46] Request to /api/v1/headlines took 319.891µs ERROR: <nil>
[WIPER-LOG] [2024-11-07 20:40:58] Before context setting ERROR: <nil>
[WIPER-LOG] [2024-11-07 20:40:58] After context setting ERROR: <nil>
[WIPER-LOG] [2024-11-07 20:40:58] Successfully initialized Redis: localhost:5000 ERROR: <nil>
[WIPER-LOG] [2024-11-07 20:40:58] Successfully initialized Redis: localhost:6000 ERROR: <nil>
Redis ping response: PONG
[WIPER-LOG] [2024-11-07 20:41:47] Cache Hit! ERROR: <nil>
[WIPER-LOG] [2024-11-07 20:41:47] Request to /api/v1/headlines took 408.547µs ERROR: <nil>
Redis ping response: PONG
[WIPER-LOG] [2024-11-07 20:42:36] Cache Hit! ERROR: <nil>
[WIPER-LOG] [2024-11-07 20:42:36] Request to /api/v1/newsfeed/1 took 413.896µs ERROR: <nil>
Redis ping response: PONG
[WIPER-LOG] [2024-11-07 20:42:38] Cache Hit! ERROR: <nil>
[WIPER-LOG] [2024-11-07 20:42:38] Request to /api/v1/newsfeed/2 took 541.466µs ERROR: <nil>
Redis ping response: PONG
[WIPER-LOG] [2024-11-07 20:42:39] Cache Hit! ERROR: <nil>
[WIPER-LOG] [2024-11-07 20:42:39] Request to /api/v1/newsfeed/0 took 400.672µs ERROR: <nil>
Redis ping response: PONG
[WIPER-LOG] [2024-11-07 20:50:28] Cache Hit! ERROR: <nil>
[WIPER-LOG] [2024-11-07 20:50:28] Request to /api/v1/newsfeed/0ls took 982.694µs ERROR: <nil>
[WIPER-LOG] [2024-11-07 20:50:48] Before context setting ERROR: <nil>
[WIPER-LOG] [2024-11-07 20:50:48] After context setting ERROR: <nil>
[WIPER-LOG] [2024-11-07 20:50:48] Successfully initialized Redis: localhost:5000 ERROR: <nil>
[WIPER-LOG] [2024-11-07 20:50:48] Successfully initialized Redis: localhost:6000 ERROR: <nil>
Redis ping response: PONG
[WIPER-LOG] [2024-11-07 20:50:51] Cache Hit! ERROR: <nil>
[WIPER-LOG] [2024-11-07 20:50:51] Invalid page number ERROR: <nil>
[WIPER-LOG] [2024-11-07 20:50:51] Request to /api/v1/newsfeed/0ls took 430.298µs ERROR: <nil>
Redis ping response: PONG
[WIPER-LOG] [2024-11-07 20:50:55] Cache Hit! ERROR: <nil>
[WIPER-LOG] [2024-11-07 20:50:55] Request to /api/v1/newsfeed/2 took 397.425µs ERROR: <nil>
Redis ping response: PONG
[WIPER-LOG] [2024-11-07 20:51:00] Cache Hit! ERROR: <nil>
[WIPER-LOG] [2024-11-07 20:51:00] Request to /api/v1/newsfeed/20202 took 486.854µs ERROR: <nil>
Redis ping response: PONG
[WIPER-LOG] [2024-11-07 20:51:03] Cache Hit! ERROR: <nil>
[WIPER-LOG] [2024-11-07 20:51:03] Invalid page number ERROR: <nil>
[WIPER-LOG] [2024-11-07 20:51:03] Request to /api/v1/newsfeed/2020273248574825470395982345 took 444.875µs ERROR: <nil>
Redis ping response: PONG
[WIPER-LOG] [2024-11-07 20:51:06] Cache Hit! ERROR: <nil>
[WIPER-LOG] [2024-11-07 20:51:06] Invalid page number ERROR: <nil>
[WIPER-LOG] [2024-11-07 20:51:06] Request to /api/v1/newsfeed/2020273248574825470395 took 495.039µs ERROR: <nil>
Redis ping response: PONG
[WIPER-LOG] [2024-11-07 20:51:15] Cache Hit! ERROR: <nil>
[WIPER-LOG] [2024-11-07 20:51:15] Invalid page number ERROR: <nil>
[WIPER-LOG] [2024-11-07 20:51:15] Request to /api/v1/newsfeed/2020d took 475.192µs ERROR: <nil>
Redis ping response: PONG
[WIPER-LOG] [2024-11-07 20:51:16] Cache Hit! ERROR: <nil>
[WIPER-LOG] [2024-11-07 20:51:16] Request to /api/v1/newsfeed/2020 took 480.08µs ERROR: <nil>
[WIPER-LOG] [2024-11-07 20:54:23] Before context setting ERROR: <nil>
[WIPER-LOG] [2024-11-07 20:54:23] After context setting ERROR: <nil>
[WIPER-LOG] [2024-11-07 20:54:23] Successfully initialized Redis: localhost:5000 ERROR: <nil>
[WIPER-LOG] [2024-11-07 20:54:23] Successfully initialized Redis: localhost:6000 ERROR: <nil>
Redis ping response: PONG
[WIPER-LOG] [2024-11-07 20:54:25] Cache Hit! ERROR: <nil>
[WIPER-LOG] [2024-11-07 20:54:25] Request to /api/v1/newsfeed/9223372036854775807 took 488.627µs ERROR: <nil>
Redis ping response: PONG
[WIPER-LOG] [2024-11-07 20:54:29] Cache Hit! ERROR: <nil>
[WIPER-LOG] [2024-11-07 20:54:29] Invalid page number ERROR: <nil>
[WIPER-LOG] [2024-11-07 20:54:29] Request to /api/v1/newsfeed/9223372036854775808 took 519.835µs ERROR: <nil>
[WIPER-LOG] [2024-11-08 13:37:13] Before context setting ERROR: <nil>
[WIPER-LOG] [2024-11-08 13:37:13] After context setting ERROR: <nil>
[WIPER-LOG] [2024-11-08 13:37:13] Successfully initialized Redis: localhost:5000 ERROR: <nil>
[WIPER-LOG] [2024-11-08 13:37:13] Successfully initialized Redis: localhost:6000 ERROR: <nil>
Redis ping response: PONG
[WIPER-LOG] [2024-11-08 13:37:30] Cache Hit! ERROR: <nil>
[WIPER-LOG] [2024-11-08 13:37:30] Request to /api/v1/headlines took 343.574µs ERROR: <nil>
Redis ping response: PONG
[WIPER-LOG] [2024-11-08 13:37:32] Cache Hit! ERROR: <nil>
[WIPER-LOG] [2024-11-08 13:37:32] Request to /api/v1/headlines took 387.197µs ERROR: <nil>
Redis ping response: PONG
[WIPER-LOG] [2024-11-08 13:37:33] Cache Hit! ERROR: <nil>
[WIPER-LOG] [2024-11-08 13:37:33] Request to /api/v1/headlines took 576.511µs ERROR: <nil>
[WIPER-LOG] [2024-11-08 16:34:34] Before context setting ERROR: <nil>
[WIPER-LOG] [2024-11-08 16:34:34] After context setting ERROR: <nil>
[WIPER-LOG] [2024-11-08 16:34:34] Successfully initialized Redis: localhost:5000 ERROR: <nil>
[WIPER-LOG] [2024-11-08 16:34:34] Successfully initialized Redis: localhost:6000 ERROR: <nil>
